<?xml version="1.0" encoding="UTF-8"?>
<testng-results ignored="0" total="1" passed="1" failed="0" skipped="0">
  <reporter-output>
  </reporter-output>
  <suite started-at="2023-06-28T07:26:34Z" name="Suite" finished-at="2023-06-28T07:26:42Z" duration-ms="7655">
    <groups>
    </groups>
    <test started-at="2023-06-28T07:26:34Z" name="Test" finished-at="2023-06-28T07:26:42Z" duration-ms="7655">
      <class name="jenkins.ui">
        <test-method signature="startbrower()[pri:0, instance:jenkins.ui@4ea5b703]" started-at="2023-06-28T07:26:34Z" name="startbrower" finished-at="2023-06-28T07:26:42Z" duration-ms="7636" status="PASS">
          <reporter-output>
          </reporter-output>
        </test-method> <!-- startbrower -->
      </class> <!-- jenkins.ui -->
    </test> <!-- Test -->
  </suite> <!-- Suite -->
</testng-results>
